[2026-07-18T06:22:10.507Z] GET http://localhost:4600/ → 200 (2ms, 6884B)
[2026-07-18T06:22:10.512Z] GET https://fonts.googleapis.com/css2?family=Fraunces:opsz,wght@9..144,400;9..144,500;9..144,600&family=IBM+Plex+Mono:wght@400;500&family=IBM+Plex+Sans:wght@400;500;600&display=swap → 200 (93ms, 15581B)
[2026-07-18T06:22:10.512Z] GET http://localhost:4600/styles.css → 200 (2ms, 14241B)
[2026-07-18T06:22:10.512Z] GET http://localhost:4600/app.js → 200 (3ms, 9694B)
[2026-07-18T06:22:10.606Z] GET http://localhost:4600/api/status → 200 (15ms, 915B)
[2026-07-18T06:22:10.616Z] GET https://fonts.gstatic.com/s/fraunces/v38/6NU78FyLNQOQZAnv9bYEvDiIdE9Ea92uemAk_WBq8U_9v0c2Wa0KxC9TeP2Xz5c.woff2 → 200 (86ms, 67388B)
[2026-07-18T06:22:10.616Z] GET https://fonts.gstatic.com/s/ibmplexsans/v23/zYXzKVElMYYaJe8bpLHnCwDKr932-G7dytD-Dmu1syxeKYbSB4Zh.woff2 → 200 (98ms, 40240B)
[2026-07-18T06:22:10.616Z] GET https://fonts.gstatic.com/s/ibmplexmono/v20/-F63fjptAgt5VM-kVkqdyU8n1i8q131nj-o.woff2 → 200 (99ms, 10052B)
[2026-07-18T06:22:10.667Z] GET https://fonts.gstatic.com/s/ibmplexsans/v23/zYXzKVElMYYaJe8bpLHnCwDKr932-G7dytD-Dmu1syxaKYbSB4ZhRNU.woff2 → 200 (52ms, 25408B)
[2026-07-18T06:22:13.636Z] GET http://localhost:4600/api/status → 200 (12ms, 915B)
[2026-07-18T06:22:16.651Z] GET http://localhost:4600/api/status → 200 (17ms, 915B)
[2026-07-18T06:22:19.671Z] GET http://localhost:4600/api/status → 200 (17ms, 915B)
[2026-07-18T06:22:22.690Z] GET http://localhost:4600/api/status → 200 (16ms, 915B)
[2026-07-18T06:22:25.708Z] GET http://localhost:4600/api/status → 200 (17ms, 915B)
[2026-07-18T06:22:28.727Z] GET http://localhost:4600/api/status → 200 (13ms, 915B)
[2026-07-18T06:22:29.914Z] GET http://localhost:4600/ → 200 (1ms, 6884B)
[2026-07-18T06:22:29.918Z] GET https://fonts.googleapis.com/css2?family=Fraunces:opsz,wght@9..144,400;9..144,500;9..144,600&family=IBM+Plex+Mono:wght@400;500&family=IBM+Plex+Sans:wght@400;500;600&display=swap → 200 (?ms, 15581B)
[2026-07-18T06:22:29.919Z] GET http://localhost:4600/styles.css → 200 (?ms, 14241B)
[2026-07-18T06:22:29.919Z] GET http://localhost:4600/app.js → 200 (?ms, 9694B)
[2026-07-18T06:22:29.919Z] GET http://localhost:4600/api/status → 200 (14ms, 915B)
[2026-07-18T06:22:29.920Z] GET https://fonts.gstatic.com/s/fraunces/v38/6NU78FyLNQOQZAnv9bYEvDiIdE9Ea92uemAk_WBq8U_9v0c2Wa0KxC9TeP2Xz5c.woff2 → 200 (?ms, ?B)
[2026-07-18T06:22:29.921Z] GET https://fonts.gstatic.com/s/ibmplexmono/v20/-F63fjptAgt5VM-kVkqdyU8n1i8q131nj-o.woff2 → 200 (?ms, ?B)
[2026-07-18T06:22:29.921Z] GET https://fonts.gstatic.com/s/ibmplexsans/v23/zYXzKVElMYYaJe8bpLHnCwDKr932-G7dytD-Dmu1syxaKYbSB4ZhRNU.woff2 → 200 (?ms, ?B)
[2026-07-18T06:22:29.921Z] GET https://fonts.gstatic.com/s/ibmplexsans/v23/zYXzKVElMYYaJe8bpLHnCwDKr932-G7dytD-Dmu1syxeKYbSB4Zh.woff2 → 200 (?ms, ?B)
[2026-07-18T06:22:32.935Z] GET http://localhost:4600/api/status → 200 (14ms, 915B)
[2026-07-18T06:22:35.952Z] GET http://localhost:4600/api/status → 200 (15ms, 915B)
[2026-07-18T06:22:38.968Z] GET http://localhost:4600/api/status → 200 (13ms, 915B)
[2026-07-18T06:22:41.982Z] GET http://localhost:4600/api/status → 200 (14ms, 915B)
[2026-07-18T06:22:45.001Z] GET http://localhost:4600/api/status → 200 (15ms, 915B)
[2026-07-18T06:22:48.017Z] GET http://localhost:4600/api/status → 200 (16ms, 915B)
[2026-07-18T06:22:51.036Z] GET http://localhost:4600/api/status → 200 (15ms, 915B)
[2026-07-18T06:22:54.054Z] GET http://localhost:4600/api/status → 200 (12ms, 915B)
[2026-07-18T06:22:57.067Z] GET http://localhost:4600/api/status → 200 (15ms, 915B)
[2026-07-18T06:23:00.085Z] GET http://localhost:4600/api/status → 200 (14ms, 915B)
[2026-07-18T06:23:02.070Z] GET http://localhost:4600/ → 200 (1ms, 6884B)
[2026-07-18T06:23:02.074Z] GET https://fonts.googleapis.com/css2?family=Fraunces:opsz,wght@9..144,400;9..144,500;9..144,600&family=IBM+Plex+Mono:wght@400;500&family=IBM+Plex+Sans:wght@400;500;600&display=swap → 200 (?ms, 15581B)
[2026-07-18T06:23:02.075Z] GET http://localhost:4600/styles.css → 200 (?ms, 14241B)
[2026-07-18T06:23:02.075Z] GET http://localhost:4600/app.js → 200 (?ms, 9694B)
[2026-07-18T06:23:02.075Z] GET http://localhost:4600/api/status → 200 (13ms, 887B)
[2026-07-18T06:23:02.076Z] GET https://fonts.gstatic.com/s/fraunces/v38/6NU78FyLNQOQZAnv9bYEvDiIdE9Ea92uemAk_WBq8U_9v0c2Wa0KxC9TeP2Xz5c.woff2 → 200 (?ms, ?B)
[2026-07-18T06:23:02.076Z] GET https://fonts.gstatic.com/s/ibmplexmono/v20/-F63fjptAgt5VM-kVkqdyU8n1i8q131nj-o.woff2 → 200 (?ms, ?B)
[2026-07-18T06:23:02.076Z] GET https://fonts.gstatic.com/s/ibmplexsans/v23/zYXzKVElMYYaJe8bpLHnCwDKr932-G7dytD-Dmu1syxaKYbSB4ZhRNU.woff2 → 200 (1ms, ?B)
[2026-07-18T06:23:02.077Z] GET https://fonts.gstatic.com/s/ibmplexsans/v23/zYXzKVElMYYaJe8bpLHnCwDKr932-G7dytD-Dmu1syxeKYbSB4Zh.woff2 → 200 (?ms, ?B)
[2026-07-18T06:23:05.090Z] GET http://localhost:4600/api/status → 200 (17ms, 887B)
[2026-07-18T06:23:08.110Z] GET http://localhost:4600/api/status → 200 (16ms, 887B)
[2026-07-18T06:23:11.128Z] GET http://localhost:4600/api/status → 200 (14ms, 887B)
[2026-07-18T06:23:14.143Z] GET http://localhost:4600/api/status → 200 (12ms, 887B)
[2026-07-18T06:23:17.156Z] GET http://localhost:4600/api/status → 200 (12ms, 887B)
[2026-07-18T06:23:20.169Z] GET http://localhost:4600/api/status → 200 (16ms, 887B)
[2026-07-18T06:23:23.187Z] GET http://localhost:4600/api/status → 200 (15ms, 887B)
[2026-07-18T06:23:26.205Z] GET http://localhost:4600/api/status → 200 (16ms, 887B)
[2026-07-18T06:23:29.222Z] GET http://localhost:4600/api/status → 200 (12ms, 887B)
[2026-07-18T06:23:32.235Z] GET http://localhost:4600/api/status → 200 (12ms, 887B)
[2026-07-18T06:23:33.000Z] POST http://localhost:4600/api/action → 200 (2ms, 11B)
[2026-07-18T06:23:33.002Z] GET http://localhost:4600/api/status → 200 (12ms, 895B)
[2026-07-18T06:23:34.216Z] GET http://localhost:4600/api/status → 200 (10ms, 895B)
[2026-07-18T06:23:37.229Z] GET http://localhost:4600/api/status → 200 (11ms, 895B)
[2026-07-18T06:23:37.249Z] POST http://localhost:4600/api/action → 200 (4ms, 11B)
[2026-07-18T06:23:37.254Z] GET http://localhost:4600/api/status → 200 (11ms, 1027B)
[2026-07-18T06:23:38.467Z] GET http://localhost:4600/api/status → 200 (12ms, 1027B)
[2026-07-18T06:23:39.681Z] GET http://localhost:4600/api/status → 200 (15ms, 1027B)
[2026-07-18T06:23:40.898Z] GET http://localhost:4600/api/status → 200 (15ms, 1027B)
[2026-07-18T06:23:42.116Z] GET http://localhost:4600/api/status → 200 (12ms, 1027B)
[2026-07-18T06:23:43.329Z] GET http://localhost:4600/api/status → 200 (15ms, 1027B)
[2026-07-18T06:23:44.546Z] GET http://localhost:4600/api/status → 200 (18ms, 1027B)
[2026-07-18T06:23:45.766Z] GET http://localhost:4600/api/status → 200 (14ms, 1027B)
[2026-07-18T06:23:46.982Z] GET http://localhost:4600/api/status → 200 (16ms, 1027B)
[2026-07-18T06:23:48.199Z] GET http://localhost:4600/api/status → 200 (14ms, 1027B)
[2026-07-18T06:23:49.415Z] GET http://localhost:4600/api/status → 200 (13ms, 1027B)
[2026-07-18T06:23:50.630Z] GET http://localhost:4600/api/status → 200 (16ms, 1027B)
[2026-07-18T06:23:51.849Z] GET http://localhost:4600/api/status → 200 (15ms, 1027B)
[2026-07-18T06:23:53.067Z] GET http://localhost:4600/api/status → 200 (14ms, 1027B)
[2026-07-18T06:23:54.283Z] GET http://localhost:4600/api/status → 200 (14ms, 1027B)
[2026-07-18T06:23:55.500Z] GET http://localhost:4600/api/status → 200 (14ms, 1186B)
[2026-07-18T06:23:56.717Z] GET http://localhost:4600/api/status → 200 (16ms, 1235B)
[2026-07-18T06:23:59.735Z] GET http://localhost:4600/api/status → 200 (16ms, 1235B)
[2026-07-18T06:24:02.752Z] GET http://localhost:4600/api/status → 200 (14ms, 1235B)
[2026-07-18T06:24:05.768Z] GET http://localhost:4600/api/status → 200 (12ms, 1235B)
[2026-07-18T06:24:08.782Z] GET http://localhost:4600/api/status → 200 (15ms, 1235B)
[2026-07-18T06:24:11.800Z] GET http://localhost:4600/api/status → 200 (14ms, 1235B)
[2026-07-18T06:24:12.474Z] GET http://localhost:4600/ → 200 (1ms, 6884B)
[2026-07-18T06:24:12.477Z] GET https://fonts.googleapis.com/css2?family=Fraunces:opsz,wght@9..144,400;9..144,500;9..144,600&family=IBM+Plex+Mono:wght@400;500&family=IBM+Plex+Sans:wght@400;500;600&display=swap → 200 (1ms, 15581B)
[2026-07-18T06:24:12.478Z] GET http://localhost:4600/styles.css → 200 (?ms, 14241B)
[2026-07-18T06:24:12.478Z] GET http://localhost:4600/app.js → 200 (?ms, 9748B)
[2026-07-18T06:24:12.479Z] GET http://localhost:4600/api/status → 200 (12ms, 1235B)
[2026-07-18T06:24:12.480Z] GET https://fonts.gstatic.com/s/fraunces/v38/6NU78FyLNQOQZAnv9bYEvDiIdE9Ea92uemAk_WBq8U_9v0c2Wa0KxC9TeP2Xz5c.woff2 → 200 (1ms, ?B)
[2026-07-18T06:24:12.481Z] GET https://fonts.gstatic.com/s/ibmplexmono/v20/-F63fjptAgt5VM-kVkqdyU8n1i8q131nj-o.woff2 → 200 (?ms, ?B)
[2026-07-18T06:24:12.481Z] GET https://fonts.gstatic.com/s/ibmplexsans/v23/zYXzKVElMYYaJe8bpLHnCwDKr932-G7dytD-Dmu1syxaKYbSB4ZhRNU.woff2 → 200 (?ms, ?B)
[2026-07-18T06:24:12.481Z] GET https://fonts.gstatic.com/s/ibmplexsans/v23/zYXzKVElMYYaJe8bpLHnCwDKr932-G7dytD-Dmu1syxeKYbSB4Zh.woff2 → 200 (?ms, ?B)
[2026-07-18T06:24:15.495Z] GET http://localhost:4600/api/status → 200 (14ms, 1235B)
[2026-07-18T06:24:18.200Z] POST http://localhost:4600/api/action → 200 (1ms, 11B)
[2026-07-18T06:24:18.202Z] GET http://localhost:4600/api/status → 200 (11ms, 1220B)
[2026-07-18T06:24:19.111Z] POST http://localhost:4600/api/action → 200 (8ms, 11B)
[2026-07-18T06:24:19.120Z] GET http://localhost:4600/api/status → 200 (14ms, 1169B)
[2026-07-18T06:24:20.336Z] GET http://localhost:4600/api/status → 200 (14ms, 1169B)
[2026-07-18T06:24:21.551Z] GET http://localhost:4600/api/status → 200 (15ms, 1169B)
[2026-07-18T06:24:22.769Z] GET http://localhost:4600/api/status → 200 (14ms, 1169B)
[2026-07-18T06:24:23.985Z] GET http://localhost:4600/api/status → 200 (16ms, 1169B)
[2026-07-18T06:24:25.203Z] GET http://localhost:4600/api/status → 200 (16ms, 1169B)
[2026-07-18T06:24:26.428Z] GET http://localhost:4600/api/status → pending (?ms, ?B)
[2026-07-18T06:24:27.642Z] GET http://localhost:4600/api/status → 200 (14ms, 1169B)
[2026-07-18T06:24:28.858Z] GET http://localhost:4600/api/status → 200 (12ms, 1169B)
[2026-07-18T06:24:30.073Z] GET http://localhost:4600/api/status → 200 (16ms, 1169B)
[2026-07-18T06:24:31.292Z] GET http://localhost:4600/api/status → 200 (15ms, 1169B)
[2026-07-18T06:24:32.510Z] GET http://localhost:4600/api/status → 200 (15ms, 1169B)
[2026-07-18T06:24:33.726Z] GET http://localhost:4600/api/status → 200 (11ms, 1169B)
[2026-07-18T06:24:34.939Z] GET http://localhost:4600/api/status → 200 (13ms, 1169B)
[2026-07-18T06:24:36.153Z] GET http://localhost:4600/api/status → 200 (15ms, 1169B)
[2026-07-18T06:24:37.370Z] GET http://localhost:4600/api/status → 200 (15ms, 1169B)
[2026-07-18T06:24:38.586Z] GET http://localhost:4600/api/status → 200 (15ms, 1171B)
[2026-07-18T06:24:39.803Z] GET http://localhost:4600/api/status → 200 (12ms, 1205B)
[2026-07-18T06:24:42.817Z] GET http://localhost:4600/api/status → 200 (17ms, 1205B)
[2026-07-18T06:24:45.268Z] POST http://localhost:4600/api/action → 200 (2ms, 11B)
[2026-07-18T06:24:45.270Z] GET http://localhost:4600/api/status → 200 (11ms, 1220B)
[2026-07-18T06:24:46.387Z] POST http://localhost:4600/api/action → 200 (6ms, 11B)
[2026-07-18T06:24:46.394Z] GET http://localhost:4600/api/status → 200 (15ms, 1211B)
[2026-07-18T06:24:47.612Z] GET http://localhost:4600/api/status → 200 (15ms, 1211B)
[2026-07-18T06:24:48.829Z] GET http://localhost:4600/api/status → 200 (16ms, 1211B)
[2026-07-18T06:24:50.047Z] GET http://localhost:4600/api/status → 200 (15ms, 1211B)
[2026-07-18T06:24:51.263Z] GET http://localhost:4600/api/status → 200 (13ms, 1211B)
[2026-07-18T06:24:52.479Z] GET http://localhost:4600/api/status → 200 (15ms, 1211B)
[2026-07-18T06:24:53.696Z] GET http://localhost:4600/api/status → 200 (15ms, 1211B)
[2026-07-18T06:24:54.913Z] GET http://localhost:4600/api/status → 200 (15ms, 1211B)
[2026-07-18T06:24:56.129Z] GET http://localhost:4600/api/status → 200 (16ms, 1211B)
[2026-07-18T06:24:57.346Z] GET http://localhost:4600/api/status → 200 (12ms, 1211B)
[2026-07-18T06:24:58.561Z] GET http://localhost:4600/api/status → 200 (14ms, 1211B)
[2026-07-18T06:24:59.777Z] GET http://localhost:4600/api/status → 200 (15ms, 1211B)
[2026-07-18T06:25:00.993Z] GET http://localhost:4600/api/status → 200 (14ms, 1211B)
[2026-07-18T06:25:02.209Z] GET http://localhost:4600/api/status → 200 (15ms, 1211B)
[2026-07-18T06:25:03.426Z] GET http://localhost:4600/api/status → 200 (15ms, 1211B)
[2026-07-18T06:25:04.642Z] GET http://localhost:4600/api/status → 200 (15ms, 1211B)
[2026-07-18T06:25:05.858Z] GET http://localhost:4600/api/status → 200 (13ms, 1211B)
[2026-07-18T06:25:07.073Z] GET http://localhost:4600/api/status → 200 (14ms, 1211B)
[2026-07-18T06:25:08.289Z] GET http://localhost:4600/api/status → 200 (11ms, 1314B)
[2026-07-18T06:25:11.301Z] GET http://localhost:4600/api/status → 200 (12ms, 1314B)
[2026-07-18T06:25:14.315Z] GET http://localhost:4600/api/status → 200 (15ms, 1314B)
[2026-07-18T06:25:17.333Z] GET http://localhost:4600/api/status → 200 (12ms, 1314B)
[2026-07-18T06:25:17.775Z] POST http://localhost:4600/api/action → 200 (1ms, 11B)
[2026-07-18T06:25:17.776Z] GET http://localhost:4600/api/status → 200 (10ms, 1300B)
[2026-07-18T06:25:18.887Z] POST http://localhost:4600/api/action → 200 (6ms, 11B)
[2026-07-18T06:25:18.893Z] GET http://localhost:4600/api/status → 200 (16ms, 1250B)
[2026-07-18T06:25:20.110Z] GET http://localhost:4600/api/status → 200 (15ms, 1250B)
[2026-07-18T06:25:21.327Z] GET http://localhost:4600/api/status → 200 (20ms, 1250B)
[2026-07-18T06:25:22.549Z] GET http://localhost:4600/api/status → 200 (15ms, 1250B)
[2026-07-18T06:25:23.768Z] GET http://localhost:4600/api/status → 200 (14ms, 1250B)
[2026-07-18T06:25:24.984Z] GET http://localhost:4600/api/status → 200 (15ms, 1250B)
[2026-07-18T06:25:26.201Z] GET http://localhost:4600/api/status → 200 (16ms, 1250B)
[2026-07-18T06:25:27.420Z] GET http://localhost:4600/api/status → 200 (14ms, 1250B)
[2026-07-18T06:25:28.636Z] GET http://localhost:4600/api/status → 200 (11ms, 1250B)
[2026-07-18T06:25:29.851Z] GET http://localhost:4600/api/status → 200 (14ms, 1250B)
[2026-07-18T06:25:31.067Z] GET http://localhost:4600/api/status → 200 (15ms, 1250B)
[2026-07-18T06:25:32.284Z] GET http://localhost:4600/api/status → 200 (14ms, 1250B)
[2026-07-18T06:25:33.500Z] GET http://localhost:4600/api/status → 200 (14ms, 1250B)
[2026-07-18T06:25:34.716Z] GET http://localhost:4600/api/status → 200 (11ms, 1250B)
[2026-07-18T06:25:35.929Z] GET http://localhost:4600/api/status → 200 (15ms, 1250B)
[2026-07-18T06:25:37.146Z] GET http://localhost:4600/api/status → 200 (15ms, 1250B)
[2026-07-18T06:25:38.362Z] GET http://localhost:4600/api/status → 200 (16ms, 1250B)
[2026-07-18T06:25:38.388Z] GET https://fonts.gstatic.com/s/ibmplexmono/v20/-F6qfjptAgt5VM-kVkqdyU8n3twJwlBFgsAXHNk.woff2 → 200 (32ms, 10060B)
[2026-07-18T06:25:39.579Z] GET http://localhost:4600/api/status → 200 (14ms, 1291B)
[2026-07-18T06:25:42.596Z] GET http://localhost:4600/api/status → 200 (15ms, 1291B)
[2026-07-18T06:25:45.613Z] GET http://localhost:4600/api/status → 200 (15ms, 1291B)
[2026-07-18T06:25:48.631Z] GET http://localhost:4600/api/status → 200 (16ms, 1291B)
[2026-07-18T06:25:49.086Z] POST http://localhost:4600/api/action → 200 (1ms, 11B)
[2026-07-18T06:25:49.087Z] GET http://localhost:4600/api/status → 200 (11ms, 1305B)
[2026-07-18T06:25:50.301Z] GET http://localhost:4600/api/status → 200 (14ms, 1305B)
[2026-07-18T06:25:53.318Z] GET http://localhost:4600/api/status → 200 (15ms, 1305B)
[2026-07-18T06:25:56.335Z] GET http://localhost:4600/api/status → 200 (14ms, 1305B)
[2026-07-18T06:25:59.351Z] GET http://localhost:4600/api/status → 200 (15ms, 1305B)
[2026-07-18T06:26:02.367Z] GET http://localhost:4600/api/status → 200 (12ms, 1305B)
[2026-07-18T06:26:05.381Z] GET http://localhost:4600/api/status → 200 (15ms, 1305B)
[2026-07-18T06:26:06.305Z] GET http://localhost:4600/ → 200 (1ms, 6884B)
[2026-07-18T06:26:06.309Z] GET https://fonts.googleapis.com/css2?family=Fraunces:opsz,wght@9..144,400;9..144,500;9..144,600&family=IBM+Plex+Mono:wght@400;500&family=IBM+Plex+Sans:wght@400;500;600&display=swap → 200 (?ms, 15581B)
[2026-07-18T06:26:06.310Z] GET http://localhost:4600/styles.css → 200 (?ms, 14241B)
[2026-07-18T06:26:06.310Z] GET http://localhost:4600/app.js → 200 (8ms, 9847B)
[2026-07-18T06:26:06.315Z] GET https://fonts.gstatic.com/s/fraunces/v38/6NU78FyLNQOQZAnv9bYEvDiIdE9Ea92uemAk_WBq8U_9v0c2Wa0KxC9TeP2Xz5c.woff2 → 200 (1ms, ?B)
[2026-07-18T06:26:06.316Z] GET https://fonts.gstatic.com/s/ibmplexmono/v20/-F63fjptAgt5VM-kVkqdyU8n1i8q131nj-o.woff2 → 200 (?ms, ?B)
[2026-07-18T06:26:06.317Z] GET https://fonts.gstatic.com/s/ibmplexmono/v20/-F6qfjptAgt5VM-kVkqdyU8n3twJwlBFgsAXHNk.woff2 → 200 (?ms, ?B)
[2026-07-18T06:26:06.317Z] GET https://fonts.gstatic.com/s/ibmplexsans/v23/zYXzKVElMYYaJe8bpLHnCwDKr932-G7dytD-Dmu1syxaKYbSB4ZhRNU.woff2 → 200 (?ms, ?B)
[2026-07-18T06:26:06.317Z] GET https://fonts.gstatic.com/s/ibmplexsans/v23/zYXzKVElMYYaJe8bpLHnCwDKr932-G7dytD-Dmu1syxeKYbSB4Zh.woff2 → 200 (1ms, ?B)
[2026-07-18T06:26:06.318Z] GET http://localhost:4600/api/status → 200 (10ms, 1305B)
[2026-07-18T06:26:09.331Z] GET http://localhost:4600/api/status → 200 (14ms, 1305B)
[2026-07-18T06:26:12.346Z] GET http://localhost:4600/api/status → 200 (12ms, 1305B)
[2026-07-18T06:26:15.361Z] GET http://localhost:4600/api/status → 200 (15ms, 1305B)
[2026-07-18T06:26:18.377Z] GET http://localhost:4600/api/status → 200 (12ms, 1305B)
[2026-07-18T06:26:21.391Z] GET http://localhost:4600/api/status → 200 (14ms, 1305B)
[2026-07-18T06:26:24.407Z] GET http://localhost:4600/api/status → 200 (14ms, 1305B)
[2026-07-18T06:26:27.423Z] GET http://localhost:4600/api/status → 200 (15ms, 1305B)
[2026-07-18T06:26:30.440Z] GET http://localhost:4600/api/status → 200 (12ms, 1305B)
[2026-07-18T06:26:33.455Z] GET http://localhost:4600/api/status → 200 (11ms, 1305B)
[2026-07-18T06:26:36.468Z] GET http://localhost:4600/api/status → 200 (16ms, 1305B)
[2026-07-18T06:26:39.487Z] GET http://localhost:4600/api/status → 200 (15ms, 1305B)
[2026-07-18T06:26:41.151Z] GET http://localhost:4600/ → 200 (1ms, 6884B)
[2026-07-18T06:26:41.156Z] GET https://fonts.googleapis.com/css2?family=Fraunces:opsz,wght@9..144,400;9..144,500;9..144,600&family=IBM+Plex+Mono:wght@400;500&family=IBM+Plex+Sans:wght@400;500;600&display=swap → 200 (?ms, 15581B)
[2026-07-18T06:26:41.156Z] GET http://localhost:4600/styles.css → 200 (?ms, 14241B)
[2026-07-18T06:26:41.156Z] GET http://localhost:4600/app.js → 200 (?ms, 10154B)
[2026-07-18T06:26:41.157Z] GET http://localhost:4600/api/status → 200 (14ms, 1305B)
[2026-07-18T06:26:41.158Z] GET https://fonts.gstatic.com/s/fraunces/v38/6NU78FyLNQOQZAnv9bYEvDiIdE9Ea92uemAk_WBq8U_9v0c2Wa0KxC9TeP2Xz5c.woff2 → 200 (?ms, ?B)
[2026-07-18T06:26:41.159Z] GET https://fonts.gstatic.com/s/ibmplexmono/v20/-F63fjptAgt5VM-kVkqdyU8n1i8q131nj-o.woff2 → 200 (?ms, ?B)
[2026-07-18T06:26:41.159Z] GET https://fonts.gstatic.com/s/ibmplexmono/v20/-F6qfjptAgt5VM-kVkqdyU8n3twJwlBFgsAXHNk.woff2 → 200 (?ms, ?B)
[2026-07-18T06:26:41.160Z] GET https://fonts.gstatic.com/s/ibmplexsans/v23/zYXzKVElMYYaJe8bpLHnCwDKr932-G7dytD-Dmu1syxaKYbSB4ZhRNU.woff2 → 200 (?ms, ?B)
[2026-07-18T06:26:41.160Z] GET https://fonts.gstatic.com/s/ibmplexsans/v23/zYXzKVElMYYaJe8bpLHnCwDKr932-G7dytD-Dmu1syxeKYbSB4Zh.woff2 → 200 (?ms, ?B)
[2026-07-18T06:26:44.174Z] GET http://localhost:4600/api/status → 200 (16ms, 1305B)
[2026-07-18T06:26:47.192Z] GET http://localhost:4600/api/status → 200 (14ms, 1305B)
[2026-07-18T06:26:50.209Z] GET http://localhost:4600/api/status → 200 (16ms, 1305B)
[2026-07-18T06:26:53.228Z] GET http://localhost:4600/api/status → 200 (15ms, 1305B)
[2026-07-18T06:26:56.245Z] GET http://localhost:4600/api/status → 200 (16ms, 1305B)
[2026-07-18T06:26:59.264Z] GET http://localhost:4600/api/status → 200 (17ms, 1305B)
[2026-07-18T06:27:02.283Z] GET http://localhost:4600/api/status → 200 (13ms, 1305B)
[2026-07-18T06:27:05.298Z] GET http://localhost:4600/api/status → 200 (15ms, 1305B)
[2026-07-18T06:27:08.316Z] GET http://localhost:4600/api/status → 200 (17ms, 1305B)
[2026-07-18T06:27:11.334Z] GET http://localhost:4600/api/status → 200 (11ms, 1305B)
[2026-07-18T06:27:14.348Z] GET http://localhost:4600/api/status → 200 (15ms, 1305B)
[2026-07-18T06:27:17.364Z] GET http://localhost:4600/api/status → 200 (13ms, 1305B)
[2026-07-18T06:27:20.380Z] GET http://localhost:4600/api/status → 200 (15ms, 1305B)
[2026-07-18T06:27:23.396Z] GET http://localhost:4600/api/status → 200 (11ms, 1305B)
[2026-07-18T06:27:26.410Z] GET http://localhost:4600/api/status → 200 (16ms, 1305B)
[2026-07-18T06:27:29.427Z] GET http://localhost:4600/api/status → 200 (12ms, 1305B)
[2026-07-18T06:27:32.440Z] GET http://localhost:4600/api/status → 200 (15ms, 1305B)
[2026-07-18T06:27:35.457Z] GET http://localhost:4600/api/status → 200 (12ms, 1305B)
